{"numTotalTestSuites":405,"numPassedTestSuites":329,"numFailedTestSuites":76,"numPendingTestSuites":0,"numTotalTests":856,"numPassedTests":739,"numFailedTests":117,"numPendingTests":0,"numTodoTests":0,"snapshot":{"added":0,"failure":false,"filesAdded":0,"filesRemoved":0,"filesRemovedList":[],"filesUnmatched":0,"filesUpdated":0,"matched":0,"total":0,"unchecked":0,"uncheckedKeysByFile":[],"unmatched":0,"updated":0,"didUpdate":false},"startTime":1782162494270,"success":false,"testResults":[{"assertionResults":[{"ancestorTitles":["Check Constraint Validator","Valid expressions","Simple comparisons"],"fullName":"Check Constraint Validator Valid expressions Simple comparisons should validate simple less than","status":"passed","title":"should validate simple less than","duration":0.9480419999999867,"failureMessages":[],"meta":{}},{"ancestorTitles":["Check Constraint Validator","Valid expressions","Simple comparisons"],"fullName":"Check Constraint Validator Valid expressions Simple comparisons should validate simple greater than","status":"passed","title":"should validate simple greater than","duration":0.10099999999999909,"failureMessages":[],"meta":{}},{"ancestorTitles":["Check Constraint Validator","Valid expressions","Simple comparisons"],"fullName":"Check Constraint Validator Valid expressions Simple comparisons should validate simple equal","status":"passed","title":"should validate simple equal","duration":0.07804199999998218,"failureMessages":[],"meta":{}},{"ancestorTitles":["Check Constraint Validator","Valid expressions","Simple comparisons"],"fullName":"Check Constraint Validator Valid expressions Simple comparisons should validate less than or equal","status":"passed","title":"should validate less than or equal","duration":0.07495799999998098,"failureMessages":[],"meta":{}},{"ancestorTitles":["Check Constraint Validator","Valid expressions","Simple comparisons"],"fullName":"Check Constraint Validator Valid expressions Simple comparisons should validate greater than or equal","status":"passed","title":"should validate greater than or equal","duration":0.06637499999999363,"failureMessages":[],"meta":{}},{"ancestorTitles":["Check Constraint Validator","Valid expressions","Simple comparisons"],"fullName":"Check Constraint Validator Valid expressions Simple comparisons should validate not equal (!=)","status":"passed","title":"should validate not equal (!=)","duration":0.06520799999998417,"failureMessages":[],"meta":{}},{"ancestorTitles":["Check Constraint Validator","Valid expressions","Simple comparisons"],"fullName":"Check Constraint Validator Valid expressions Simple comparisons should validate not equal (<>)","status":"passed","title":"should validate not equal (<>)","duration":0.05466599999999744,"failureMessages":[],"meta":{}},{"ancestorTitles":["Check Constraint Validator","Valid expressions","Simple comparisons"],"fullName":"Check Constraint Validator Valid expressions Simple comparisons should validate comparison with number","status":"passed","title":"should validate comparison with number","duration":0.08295900000001666,"failureMessages":[],"meta":{}},{"ancestorTitles":["Check Constraint Validator","Valid expressions","Simple comparisons"],"fullName":"Check Constraint Validator Valid expressions Simple comparisons should validate comparison with negative number","status":"passed","title":"should validate comparison with negative number","duration":0.08016699999996035,"failureMessages":[],"meta":{}},{"ancestorTitles":["Check Constraint Validator","Valid expressions","Simple comparisons"],"fullName":"Check Constraint Validator Valid expressions Simple comparisons should validate comparison with decimal","status":"passed","title":"should validate comparison with decimal","duration":0.07241700000002993,"failureMessages":[],"meta":{}},{"ancestorTitles":["Check Constraint Validator","Valid expressions","Compound expressions"],"fullName":"Check Constraint Validator Valid expressions Compound expressions should validate AND expression","status":"passed","title":"should validate AND expression","duration":0.06212500000003729,"failureMessages":[],"meta":{}},{"ancestorTitles":["Check Constraint Validator","Valid expressions","Compound expressions"],"fullName":"Check Constraint Validator Valid expressions Compound expressions should validate OR expression","status":"passed","title":"should validate OR expression","duration":0.054042000000038115,"failureMessages":[],"meta":{}},{"ancestorTitles":["Check Constraint Validator","Valid expressions","Compound expressions"],"fullName":"Check Constraint Validator Valid expressions Compound expressions should validate complex AND/OR","status":"passed","title":"should validate complex AND/OR","duration":0.05462500000004411,"failureMessages":[],"meta":{}},{"ancestorTitles":["Check Constraint Validator","Valid expressions","Compound expressions"],"fullName":"Check Constraint Validator Valid expressions Compound expressions should validate range check with AND","status":"passed","title":"should validate range check with AND","duration":0.0504579999999919,"failureMessages":[],"meta":{}},{"ancestorTitles":["Check Constraint Validator","Valid expressions","Compound expressions"],"fullName":"Check Constraint Validator Valid expressions Compound expressions should validate multiple conditions","status":"passed","title":"should validate multiple conditions","duration":0.06295800000003737,"failureMessages":[],"meta":{}},{"ancestorTitles":["Check Constraint Validator","Valid expressions","BETWEEN expressions"],"fullName":"Check Constraint Validator Valid expressions BETWEEN expressions should validate BETWEEN with numbers","status":"passed","title":"should validate BETWEEN with numbers","duration":0.050917000000026746,"failureMessages":[],"meta":{}},{"ancestorTitles":["Check Constraint Validator","Valid expressions","BETWEEN expressions"],"fullName":"Check Constraint Validator Valid expressions BETWEEN expressions should validate BETWEEN with identifiers","status":"passed","title":"should validate BETWEEN with identifiers","duration":0.05225000000001501,"failureMessages":[],"meta":{}},{"ancestorTitles":["Check Constraint Validator","Valid expressions","BETWEEN expressions"],"fullName":"Check Constraint Validator Valid expressions BETWEEN expressions should validate danger_level BETWEEN","status":"passed","title":"should validate danger_level BETWEEN","duration":0.04795799999999417,"failureMessages":[],"meta":{}},{"ancestorTitles":["Check Constraint Validator","Valid expressions","BETWEEN expressions"],"fullName":"Check Constraint Validator Valid expressions BETWEEN expressions should validate day_of_week BETWEEN","status":"passed","title":"should validate day_of_week BETWEEN","duration":0.046165999999971064,"failureMessages":[],"meta":{}},{"ancestorTitles":["Check Constraint Validator","Valid expressions","IN expressions"],"fullName":"Check Constraint Validator Valid expressions IN expressions should validate IN with strings","status":"passed","title":"should validate IN with strings","duration":0.05712499999998499,"failureMessages":[],"meta":{}},{"ancestorTitles":["Check Constraint Validator","Valid expressions","IN expressions"],"fullName":"Check Constraint Validator Valid expressions IN expressions should validate IN with numbers","status":"passed","title":"should validate IN with numbers","duration":0.06662500000004457,"failureMessages":[],"meta":{}},{"ancestorTitles":["Check Constraint Validator","Valid expressions","IN expressions"],"fullName":"Check Constraint Validator Valid expressions IN expressions should validate IN with single value","status":"passed","title":"should validate IN with single value","duration":0.050125000000036835,"failureMessages":[],"meta":{}},{"ancestorTitles":["Check Constraint Validator","Valid expressions","IN expressions"],"fullName":"Check Constraint Validator Valid expressions IN expressions should validate complex IN expression","status":"passed","title":"should validate complex IN expression","duration":0.05212499999998954,"failureMessages":[],"meta":{}},{"ancestorTitles":["Check Constraint Validator","Valid expressions","IS NULL / IS NOT NULL"],"fullName":"Check Constraint Validator Valid expressions IS NULL / IS NOT NULL should validate IS NULL","status":"passed","title":"should validate IS NULL","duration":0.04200000000003001,"failureMessages":[],"meta":{}},{"ancestorTitles":["Check Constraint Validator","Valid expressions","IS NULL / IS NOT NULL"],"fullName":"Check Constraint Validator Valid expressions IS NULL / IS NOT NULL should validate IS NOT NULL","status":"passed","title":"should validate IS NOT NULL","duration":0.04275000000001228,"failureMessages":[],"meta":{}},{"ancestorTitles":["Check Constraint Validator","Valid expressions","LIKE expressions"],"fullName":"Check Constraint Validator Valid expressions LIKE expressions should validate LIKE with pattern","status":"passed","title":"should validate LIKE with pattern","duration":0.04079099999995606,"failureMessages":[],"meta":{}},{"ancestorTitles":["Check Constraint Validator","Valid expressions","LIKE expressions"],"fullName":"Check Constraint Validator Valid expressions LIKE expressions should validate NOT LIKE","status":"passed","title":"should validate NOT LIKE","duration":0.050333000000023276,"failureMessages":[],"meta":{}},{"ancestorTitles":["Check Constraint Validator","Valid expressions","NOT IN and NOT BETWEEN"],"fullName":"Check Constraint Validator Valid expressions NOT IN and NOT BETWEEN should validate NOT IN","status":"passed","title":"should validate NOT IN","duration":0.04345899999998437,"failureMessages":[],"meta":{}},{"ancestorTitles":["Check Constraint Validator","Valid expressions","NOT IN and NOT BETWEEN"],"fullName":"Check Constraint Validator Valid expressions NOT IN and NOT BETWEEN should validate NOT BETWEEN","status":"passed","title":"should validate NOT BETWEEN","duration":0.045707999999990534,"failureMessages":[],"meta":{}},{"ancestorTitles":["Check Constraint Validator","Valid expressions","Function calls"],"fullName":"Check Constraint Validator Valid expressions Function calls should validate LENGTH function","status":"passed","title":"should validate LENGTH function","duration":0.042124999999998636,"failureMessages":[],"meta":{}},{"ancestorTitles":["Check Constraint Validator","Valid expressions","Function calls"],"fullName":"Check Constraint Validator Valid expressions Function calls should validate UPPER function comparison","status":"passed","title":"should validate UPPER function comparison","duration":0.04170800000002828,"failureMessages":[],"meta":{}},{"ancestorTitles":["Check Constraint Validator","Valid expressions","Function calls"],"fullName":"Check Constraint Validator Valid expressions Function calls should validate nested function calls","status":"passed","title":"should validate nested function calls","duration":0.04445799999996325,"failureMessages":[],"meta":{}},{"ancestorTitles":["Check Constraint Validator","Valid expressions","Function calls"],"fullName":"Check Constraint Validator Valid expressions Function calls should validate ISJSON function","status":"passed","title":"should validate ISJSON function","duration":0.04800000000000182,"failureMessages":[],"meta":{}},{"ancestorTitles":["Check Constraint Validator","Valid expressions","Function calls"],"fullName":"Check Constraint Validator Valid expressions Function calls should validate YEAR function","status":"passed","title":"should validate YEAR function","duration":0.041042000000004464,"failureMessages":[],"meta":{}},{"ancestorTitles":["Check Constraint Validator","Valid expressions","Arithmetic expressions"],"fullName":"Check Constraint Validator Valid expressions Arithmetic expressions should validate addition","status":"passed","title":"should validate addition","duration":0.040124999999989086,"failureMessages":[],"meta":{}},{"ancestorTitles":["Check Constraint Validator","Valid expressions","Arithmetic expressions"],"fullName":"Check Constraint Validator Valid expressions Arithmetic expressions should validate subtraction","status":"passed","title":"should validate subtraction","duration":0.041083000000014636,"failureMessages":[],"meta":{}},{"ancestorTitles":["Check Constraint Validator","Valid expressions","Arithmetic expressions"],"fullName":"Check Constraint Validator Valid expressions Arithmetic expressions should validate multiplication","status":"passed","title":"should validate multiplication","duration":0.044375000000002274,"failureMessages":[],"meta":{}},{"ancestorTitles":["Check Constraint Validator","Valid expressions","Arithmetic expressions"],"fullName":"Check Constraint Validator Valid expressions Arithmetic expressions should validate division","status":"passed","title":"should validate division","duration":0.04079199999995353,"failureMessages":[],"meta":{}},{"ancestorTitles":["Check Constraint Validator","Valid expressions","Arithmetic expressions"],"fullName":"Check Constraint Validator Valid expressions Arithmetic expressions should validate modulo","status":"passed","title":"should validate modulo","duration":0.04170800000002828,"failureMessages":[],"meta":{}},{"ancestorTitles":["Check Constraint Validator","Valid expressions","Parenthesized expressions"],"fullName":"Check Constraint Validator Valid expressions Parenthesized expressions should validate simple parentheses","status":"passed","title":"should validate simple parentheses","duration":0.049374999999997726,"failureMessages":[],"meta":{}},{"ancestorTitles":["Check Constraint Validator","Valid expressions","Parenthesized expressions"],"fullName":"Check Constraint Validator Valid expressions Parenthesized expressions should validate nested parentheses","status":"passed","title":"should validate nested parentheses","duration":0.04816700000003493,"failureMessages":[],"meta":{}},{"ancestorTitles":["Check Constraint Validator","Valid expressions","Parenthesized expressions"],"fullName":"Check Constraint Validator Valid expressions Parenthesized expressions should validate grouped OR with AND","status":"passed","title":"should validate grouped OR with AND","duration":0.05916700000000219,"failureMessages":[],"meta":{}},{"ancestorTitles":["Check Constraint Validator","Valid expressions","Quoted identifiers"],"fullName":"Check Constraint Validator Valid expressions Quoted identifiers should validate double-quoted identifier","status":"passed","title":"should validate double-quoted identifier","duration":0.0418329999999969,"failureMessages":[],"meta":{}},{"ancestorTitles":["Check Constraint Validator","Valid expressions","Quoted identifiers"],"fullName":"Check Constraint Validator Valid expressions Quoted identifiers should validate backtick-quoted identifier (MySQL)","status":"passed","title":"should validate backtick-quoted identifier (MySQL)","duration":0.03908400000000256,"failureMessages":[],"meta":{}},{"ancestorTitles":["Check Constraint Validator","Valid expressions","Quoted identifiers"],"fullName":"Check Constraint Validator Valid expressions Quoted identifiers should validate bracket-quoted identifier (SQL Server)","status":"passed","title":"should validate bracket-quoted identifier (SQL Server)","duration":0.03787499999998545,"failureMessages":[],"meta":{}},{"ancestorTitles":["Check Constraint Validator","Valid expressions","Quoted identifiers"],"fullName":"Check Constraint Validator Valid expressions Quoted identifiers should validate SQL Server style with multiple brackets","status":"passed","title":"should validate SQL Server style with multiple brackets","duration":0.050957999999980075,"failureMessages":[],"meta":{}},{"ancestorTitles":["Check Constraint Validator","Valid expressions","NOT expressions"],"fullName":"Check Constraint Validator Valid expressions NOT expressions should validate NOT with parentheses","status":"passed","title":"should validate NOT with parentheses","duration":0.04279099999996561,"failureMessages":[],"meta":{}},{"ancestorTitles":["Check Constraint Validator","Valid expressions","NOT expressions"],"fullName":"Check Constraint Validator Valid expressions NOT expressions should validate NOT with comparison","status":"passed","title":"should validate NOT with comparison","duration":0.05091600000002927,"failureMessages":[],"meta":{}},{"ancestorTitles":["Check Constraint Validator","Valid expressions","Boolean literals"],"fullName":"Check Constraint Validator Valid expressions Boolean literals should validate TRUE","status":"passed","title":"should validate TRUE","duration":0.04037500000004002,"failureMessages":[],"meta":{}},{"ancestorTitles":["Check Constraint Validator","Valid expressions","Boolean literals"],"fullName":"Check Constraint Validator Valid expressions Boolean literals should validate FALSE","status":"passed","title":"should validate FALSE","duration":0.03741700000000492,"failureMessages":[],"meta":{}},{"ancestorTitles":["Check Constraint Validator","Valid expressions","Type casting (PostgreSQL)"],"fullName":"Check Constraint Validator Valid expressions Type casting (PostgreSQL) should validate PostgreSQL type cast","status":"passed","title":"should validate PostgreSQL type cast","duration":0.038374999999973625,"failureMessages":[],"meta":{}},{"ancestorTitles":["Check Constraint Validator","Valid expressions","Real-world examples from codebase"],"fullName":"Check Constraint Validator Valid expressions Real-world examples from codebase should validate price >= 0","status":"passed","title":"should validate price >= 0","duration":0.03550000000001319,"failureMessages":[],"meta":{}},{"ancestorTitles":["Check Constraint Validator","Valid expressions","Real-world examples from codebase"],"fullName":"Check Constraint Validator Valid expressions Real-world examples from codebase should validate enchantment_charges >= 0","status":"passed","title":"should validate enchantment_charges >= 0","duration":0.03787499999998545,"failureMessages":[],"meta":{}},{"ancestorTitles":["Check Constraint Validator","Valid expressions","Real-world examples from codebase"],"fullName":"Check Constraint Validator Valid expressions Real-world examples from codebase should validate quantity > 0","status":"passed","title":"should validate quantity > 0","duration":0.035708999999997104,"failureMessages":[],"meta":{}},{"ancestorTitles":["Check Constraint Validator","Valid expressions","Real-world examples from codebase"],"fullName":"Check Constraint Validator Valid expressions Real-world examples from codebase should validate mana_cost > 0","status":"passed","title":"should validate mana_cost > 0","duration":0.03508399999998346,"failureMessages":[],"meta":{}},{"ancestorTitles":["Check Constraint Validator","Valid expressions","Real-world examples from codebase"],"fullName":"Check Constraint Validator Valid expressions Real-world examples from codebase should validate enchantment_level BETWEEN 0 AND 10","status":"passed","title":"should validate enchantment_level BETWEEN 0 AND 10","duration":0.0426670000000513,"failureMessages":[],"meta":{}},{"ancestorTitles":["Check Constraint Validator","Valid expressions","Real-world examples from codebase"],"fullName":"Check Constraint Validator Valid expressions Real-world examples from codebase should validate period_end >= period_start","status":"passed","title":"should validate period_end >= period_start","duration":0.041333000000008724,"failureMessages":[],"meta":{}},{"ancestorTitles":["Check Constraint Validator","Valid expressions","Real-world examples from codebase"],"fullName":"Check Constraint Validator Valid expressions Real-world examples from codebase should validate total_cents >= 0","status":"passed","title":"should validate total_cents >= 0","duration":0.03683300000000145,"failureMessages":[],"meta":{}},{"ancestorTitles":["Check Constraint Validator","Valid expressions","Real-world examples from codebase"],"fullName":"Check Constraint Validator Valid expressions Real-world examples from codebase should validate amount_cents > 0","status":"passed","title":"should validate amount_cents > 0","duration":0.042124999999998636,"failureMessages":[],"meta":{}},{"ancestorTitles":["Check Constraint Validator","Invalid expressions","Incomplete expressions"],"fullName":"Check Constraint Validator Invalid expressions Incomplete expressions should reject expression with missing right operand","status":"passed","title":"should reject expression with missing right operand","duration":0.03858300000001691,"failureMessages":[],"meta":{}},{"ancestorTitles":["Check Constraint Validator","Invalid expressions","Incomplete expressions"],"fullName":"Check Constraint Validator Invalid expressions Incomplete expressions should reject expression with missing left operand","status":"passed","title":"should reject expression with missing left operand","duration":0.04854199999999764,"failureMessages":[],"meta":{}},{"ancestorTitles":["Check Constraint Validator","Invalid expressions","Incomplete expressions"],"fullName":"Check Constraint Validator Invalid expressions Incomplete expressions should reject expression with missing operand after AND","status":"passed","title":"should reject expression with missing operand after AND","duration":0.04404199999999037,"failureMessages":[],"meta":{}},{"ancestorTitles":["Check Constraint Validator","Invalid expressions","Incomplete expressions"],"fullName":"Check Constraint Validator Invalid expressions Incomplete expressions should reject expression with missing operand after OR","status":"passed","title":"should reject expression with missing operand after OR","duration":0.037916999999993095,"failureMessages":[],"meta":{}},{"ancestorTitles":["Check Constraint Validator","Invalid expressions","Incomplete expressions"],"fullName":"Check Constraint Validator Invalid expressions Incomplete expressions should reject expression ending with operator","status":"passed","title":"should reject expression ending with operator","duration":0.0369169999999599,"failureMessages":[],"meta":{}},{"ancestorTitles":["Check Constraint Validator","Invalid expressions","Incomplete expressions"],"fullName":"Check Constraint Validator Invalid expressions Incomplete expressions should reject expression ending with >=","status":"passed","title":"should reject expression ending with >=","duration":0.03449999999997999,"failureMessages":[],"meta":{}},{"ancestorTitles":["Check Constraint Validator","Invalid expressions","Invalid identifiers"],"fullName":"Check Constraint Validator Invalid expressions Invalid identifiers should reject identifier starting with digit","status":"passed","title":"should reject identifier starting with digit","duration":0.04724999999996271,"failureMessages":[],"meta":{}},{"ancestorTitles":["Check Constraint Validator","Invalid expressions","Invalid identifiers"],"fullName":"Check Constraint Validator Invalid expressions Invalid identifiers should reject number followed by letters without space","status":"passed","title":"should reject number followed by letters without space","duration":0.03770899999994981,"failureMessages":[],"meta":{}},{"ancestorTitles":["Check Constraint Validator","Invalid expressions","Unbalanced parentheses"],"fullName":"Check Constraint Validator Invalid expressions Unbalanced parentheses should reject missing closing parenthesis","status":"passed","title":"should reject missing closing parenthesis","duration":0.03808300000002873,"failureMessages":[],"meta":{}},{"ancestorTitles":["Check Constraint Validator","Invalid expressions","Unbalanced parentheses"],"fullName":"Check Constraint Validator Invalid expressions Unbalanced parentheses should reject missing opening parenthesis","status":"passed","title":"should reject missing opening parenthesis","duration":0.03716700000001083,"failureMessages":[],"meta":{}},{"ancestorTitles":["Check Constraint Validator","Invalid expressions","Unbalanced parentheses"],"fullName":"Check Constraint Validator Invalid expressions Unbalanced parentheses should reject nested unbalanced parentheses","status":"passed","title":"should reject nested unbalanced parentheses","duration":0.03762499999999136,"failureMessages":[],"meta":{}},{"ancestorTitles":["Check Constraint Validator","Invalid expressions","Unbalanced parentheses"],"fullName":"Check Constraint Validator Invalid expressions Unbalanced parentheses should reject function with missing closing paren","status":"passed","title":"should reject function with missing closing paren","duration":0.043834000000003925,"failureMessages":[],"meta":{}},{"ancestorTitles":["Check Constraint Validator","Invalid expressions","Empty expressions"],"fullName":"Check Constraint Validator Invalid expressions Empty expressions should reject empty string","status":"passed","title":"should reject empty string","duration":0.036958000000026914,"failureMessages":[],"meta":{}},{"ancestorTitles":["Check Constraint Validator","Invalid expressions","Empty expressions"],"fullName":"Check Constraint Validator Invalid expressions Empty expressions should reject whitespace only","status":"passed","title":"should reject whitespace only","duration":0.04200000000003001,"failureMessages":[],"meta":{}},{"ancestorTitles":["Check Constraint Validator","Invalid expressions","Empty expressions"],"fullName":"Check Constraint Validator Invalid expressions Empty expressions should reject tabs and newlines only","status":"passed","title":"should reject tabs and newlines only","duration":0.03204099999999244,"failureMessages":[],"meta":{}},{"ancestorTitles":["Check Constraint Validator","Invalid expressions","Invalid operator placement"],"fullName":"Check Constraint Validator Invalid expressions Invalid operator placement should reject double operators","status":"passed","title":"should reject double operators","duration":0.03766699999999901,"failureMessages":[],"meta":{}},{"ancestorTitles":["Check Constraint Validator","Invalid expressions","Invalid operator placement"],"fullName":"Check Constraint Validator Invalid expressions Invalid operator placement should reject AND at start","status":"passed","title":"should reject AND at start","duration":0.03954199999998309,"failureMessages":[],"meta":{}},{"ancestorTitles":["Check Constraint Validator","Invalid expressions","Invalid operator placement"],"fullName":"Check Constraint Validator Invalid expressions Invalid operator placement should reject OR at start","status":"passed","title":"should reject OR at start","duration":0.04504100000002609,"failureMessages":[],"meta":{}},{"ancestorTitles":["Check Constraint Validator","Invalid expressions","Invalid BETWEEN"],"fullName":"Check Constraint Validator Invalid expressions Invalid BETWEEN should reject BETWEEN without value before","status":"passed","title":"should reject BETWEEN without value before","duration":0.04495800000000827,"failureMessages":[],"meta":{}},{"ancestorTitles":["Check Constraint Validator","Invalid expressions","Invalid IN"],"fullName":"Check Constraint Validator Invalid expressions Invalid IN should reject IN without value before","status":"passed","title":"should reject IN without value before","duration":0.03741600000000744,"failureMessages":[],"meta":{}},{"ancestorTitles":["Check Constraint Validator","Invalid expressions","Invalid IS"],"fullName":"Check Constraint Validator Invalid expressions Invalid IS should reject IS without value before","status":"passed","title":"should reject IS without value before","duration":0.03683399999999892,"failureMessages":[],"meta":{}},{"ancestorTitles":["Check Constraint Validator","validateCheckConstraintWithDetails"],"fullName":"Check Constraint Validator validateCheckConstraintWithDetails should return error details for invalid expression","status":"passed","title":"should return error details for invalid expression","duration":0.122333000000026,"failureMessages":[],"meta":{}},{"ancestorTitles":["Check Constraint Validator","validateCheckConstraintWithDetails"],"fullName":"Check Constraint Validator validateCheckConstraintWithDetails should return error details for unbalanced parentheses","status":"passed","title":"should return error details for unbalanced parentheses","duration":0.05004199999996217,"failureMessages":[],"meta":{}},{"ancestorTitles":["Check Constraint Validator","validateCheckConstraintWithDetails"],"fullName":"Check Constraint Validator validateCheckConstraintWithDetails should return error details for empty expression","status":"passed","title":"should return error details for empty expression","duration":0.041667000000018106,"failureMessages":[],"meta":{}},{"ancestorTitles":["Check Constraint Validator","validateCheckConstraintWithDetails"],"fullName":"Check Constraint Validator validateCheckConstraintWithDetails should return valid result for good expression","status":"passed","title":"should return valid result for good expression","duration":0.05791600000003427,"failureMessages":[],"meta":{}},{"ancestorTitles":["Check Constraint Validator","validateCheckConstraintWithDetails"],"fullName":"Check Constraint Validator validateCheckConstraintWithDetails should return position for certain errors","status":"passed","title":"should return position for certain errors","duration":0.04704199999997627,"failureMessages":[],"meta":{}},{"ancestorTitles":["Check Constraint Validator","Edge cases"],"fullName":"Check Constraint Validator Edge cases should handle underscores in identifiers","status":"passed","title":"should handle underscores in identifiers","duration":0.04645800000002964,"failureMessages":[],"meta":{}},{"ancestorTitles":["Check Constraint Validator","Edge cases"],"fullName":"Check Constraint Validator Edge cases should handle multiple underscores","status":"passed","title":"should handle multiple underscores","duration":0.03683399999999892,"failureMessages":[],"meta":{}},{"ancestorTitles":["Check Constraint Validator","Edge cases"],"fullName":"Check Constraint Validator Edge cases should handle $ in identifier","status":"passed","title":"should handle $ in identifier","duration":0.03499999999996817,"failureMessages":[],"meta":{}},{"ancestorTitles":["Check Constraint Validator","Edge cases"],"fullName":"Check Constraint Validator Edge cases should handle scientific notation","status":"passed","title":"should handle scientific notation","duration":0.04845799999998235,"failureMessages":[],"meta":{}},{"ancestorTitles":["Check Constraint Validator","Edge cases"],"fullName":"Check Constraint Validator Edge cases should handle negative scientific notation","status":"passed","title":"should handle negative scientific notation","duration":0.051208000000031006,"failureMessages":[],"meta":{}},{"ancestorTitles":["Check Constraint Validator","Edge cases"],"fullName":"Check Constraint Validator Edge cases should handle string with escaped quote","status":"passed","title":"should handle string with escaped quote","duration":0.04779200000001538,"failureMessages":[],"meta":{}},{"ancestorTitles":["Check Constraint Validator","Edge cases"],"fullName":"Check Constraint Validator Edge cases should handle empty parentheses in function call","status":"passed","title":"should handle empty parentheses in function call","duration":0.041833999999994376,"failureMessages":[],"meta":{}},{"ancestorTitles":["Check Constraint Validator","Edge cases"],"fullName":"Check Constraint Validator Edge cases should handle comparison between two columns","status":"passed","title":"should handle comparison between two columns","duration":0.052500000000009095,"failureMessages":[],"meta":{}},{"ancestorTitles":["Check Constraint Validator","Edge cases"],"fullName":"Check Constraint Validator Edge cases should handle just an identifier (boolean column)","status":"passed","title":"should handle just an identifier (boolean column)","duration":0.03300000000001546,"failureMessages":[],"meta":{}},{"ancestorTitles":["Check Constraint Validator","Edge cases"],"fullName":"Check Constraint Validator Edge cases should handle NOT with identifier","status":"passed","title":"should handle NOT with identifier","duration":0.03337499999997817,"failureMessages":[],"meta":{}}],"startTime":1782162502117,"endTime":1782162502123.0525,"status":"passed","message":"","name":"/Users/alexisrenart/Documents/Git/FoxalDB/frontend/src/lib/check-constraints/__tests__/check-constraints-validator.test.ts"},{"assertionResults":[{"ancestorTitles":["Composite Primary Key Name from Metadata Import"],"fullName":"Composite Primary Key Name from Metadata Import should capture composite primary key name from metadata indexes","status":"passed","title":"should capture composite primary key name from metadata indexes","duration":4.002291999999898,"failureMessages":[],"meta":{}}],"startTime":1782162502088,"endTime":1782162502092.0022,"status":"passed","message":"","name":"/Users/alexisrenart/Documents/Git/FoxalDB/frontend/src/lib/domain/__tests__/composite-pk-metadata-import.test.ts"},{"assertionResults":[{"ancestorTitles":["foreign-key-referential-action"],"fullName":"foreign-key-referential-action maps onDelete actions to and from select values","status":"passed","title":"maps onDelete actions to and from select values","duration":1.7813340000000153,"failureMessages":[],"meta":{}},{"ancestorTitles":["foreign-key-referential-action"],"fullName":"foreign-key-referential-action maps onUpdate actions to and from select values","status":"passed","title":"maps onUpdate actions to and from select values","duration":0.5089590000000044,"failureMessages":[],"meta":{}},{"ancestorTitles":["foreign-key-referential-action"],"fullName":"foreign-key-referential-action maps SQL ON DELETE actions to DBRelationship values","status":"passed","title":"maps SQL ON DELETE actions to DBRelationship values","duration":0.5649170000000368,"failureMessages":[],"meta":{}},{"ancestorTitles":["foreign-key-referential-action"],"fullName":"foreign-key-referential-action maps SQL ON UPDATE actions to DBRelationship values","status":"passed","title":"maps SQL ON UPDATE actions to DBRelationship values","duration":0.3055830000000128,"failureMessages":[],"meta":{}},{"ancestorTitles":["foreign-key-referential-action"],"fullName":"foreign-key-referential-action parses referential actions from fk definitions in either clause order","status":"passed","title":"parses referential actions from fk definitions in either clause order","duration":0.9253750000000309,"failureMessages":[],"meta":{}},{"ancestorTitles":["foreign-key-referential-action"],"fullName":"foreign-key-referential-action supplements missing parser actions from SQL definition text","status":"passed","title":"supplements missing parser actions from SQL definition text","duration":0.11170800000002146,"failureMessages":[],"meta":{}},{"ancestorTitles":["foreign-key-referential-action"],"fullName":"foreign-key-referential-action builds relationship referential action fields omitting unsupported values","status":"passed","title":"builds relationship referential action fields omitting unsupported values","duration":0.32183300000002646,"failureMessages":[],"meta":{}},{"ancestorTitles":["foreign-key-referential-action"],"fullName":"foreign-key-referential-action supplements missing parser actions when building relationship fields from SQL text","status":"passed","title":"supplements missing parser actions when building relationship fields from SQL text","duration":0.07458400000001575,"failureMessages":[],"meta":{}}],"startTime":1782162502560,"endTime":1782162502565.0745,"status":"passed","message":"","name":"/Users/alexisrenart/Documents/Git/FoxalDB/frontend/src/lib/domain/__tests__/foreign-key-referential-action.test.ts"},{"assertionResults":[{"ancestorTitles":["detectImportMethod","DBML detection"],"fullName":"detectImportMethod DBML detection should detect DBML with Table definition","status":"passed","title":"should detect DBML with Table definition","duration":0.656332999999961,"failureMessages":[],"meta":{}},{"ancestorTitles":["detectImportMethod","DBML detection"],"fullName":"detectImportMethod DBML detection should detect DBML with Ref definition","status":"passed","title":"should detect DBML with Ref definition","duration":0.12262500000002774,"failureMessages":[],"meta":{}},{"ancestorTitles":["detectImportMethod","DBML detection"],"fullName":"detectImportMethod DBML detection should detect DBML with pk attribute","status":"passed","title":"should detect DBML with pk attribute","duration":0.13016699999997172,"failureMessages":[],"meta":{}},{"ancestorTitles":["detectImportMethod","DBML detection"],"fullName":"detectImportMethod DBML detection should detect DBML with ref attribute","status":"passed","title":"should detect DBML with ref attribute","duration":0.1500419999999849,"failureMessages":[],"meta":{}},{"ancestorTitles":["detectImportMethod","DBML detection"],"fullName":"detectImportMethod DBML detection should detect DBML with Enum definition","status":"passed","title":"should detect DBML with Enum definition","duration":0.06441699999999173,"failureMessages":[],"meta":{}},{"ancestorTitles":["detectImportMethod","DBML detection"],"fullName":"detectImportMethod DBML detection should detect DBML with TableGroup","status":"passed","title":"should detect DBML with TableGroup","duration":0.061540999999976975,"failureMessages":[],"meta":{}},{"ancestorTitles":["detectImportMethod","DBML detection"],"fullName":"detectImportMethod DBML detection should detect DBML with Note","status":"passed","title":"should detect DBML with Note","duration":0.05033399999996391,"failureMessages":[],"meta":{}},{"ancestorTitles":["detectImportMethod","DBML detection"],"fullName":"detectImportMethod DBML detection should prioritize DBML over SQL when both patterns exist","status":"passed","title":"should prioritize DBML over SQL when both patterns exist","duration":0.052583000000026914,"failureMessages":[],"meta":{}},{"ancestorTitles":["detectImportMethod","SQL DDL detection"],"fullName":"detectImportMethod SQL DDL detection should detect CREATE TABLE statement","status":"passed","title":"should detect CREATE TABLE statement","duration":0.09520800000001373,"failureMessages":[],"meta":{}},{"ancestorTitles":["detectImportMethod","SQL DDL detection"],"fullName":"detectImportMethod SQL DDL detection should detect ALTER TABLE statement","status":"passed","title":"should detect ALTER TABLE statement","duration":0.06729100000001154,"failureMessages":[],"meta":{}},{"ancestorTitles":["detectImportMethod","SQL DDL detection"],"fullName":"detectImportMethod SQL DDL detection should detect DROP TABLE statement","status":"passed","title":"should detect DROP TABLE statement","duration":0.04733299999998053,"failureMessages":[],"meta":{}},{"ancestorTitles":["detectImportMethod","SQL DDL detection"],"fullName":"detectImportMethod SQL DDL detection should detect CREATE INDEX statement","status":"passed","title":"should detect CREATE INDEX statement","duration":0.04899999999997817,"failureMessages":[],"meta":{}},{"ancestorTitles":["detectImportMethod","SQL DDL detection"],"fullName":"detectImportMethod SQL DDL detection should detect multiple DDL statements","status":"passed","title":"should detect multiple DDL statements","duration":0.04420799999996916,"failureMessages":[],"meta":{}},{"ancestorTitles":["detectImportMethod","SQL DDL detection"],"fullName":"detectImportMethod SQL DDL detection should detect DDL case-insensitively","status":"passed","title":"should detect DDL case-insensitively","duration":0.03729099999998198,"failureMessages":[],"meta":{}},{"ancestorTitles":["detectImportMethod","JSON detection"],"fullName":"detectImportMethod JSON detection should detect JSON object","status":"passed","title":"should detect JSON object","duration":0.039709000000016204,"failureMessages":[],"meta":{}},{"ancestorTitles":["detectImportMethod","JSON detection"],"fullName":"detectImportMethod JSON detection should detect JSON array","status":"passed","title":"should detect JSON array","duration":0.040625000000034106,"failureMessages":[],"meta":{}},{"ancestorTitles":["detectImportMethod","JSON detection"],"fullName":"detectImportMethod JSON detection should detect minified JSON","status":"passed","title":"should detect minified JSON","duration":0.04800000000000182,"failureMessages":[],"meta":{}},{"ancestorTitles":["detectImportMethod","JSON detection"],"fullName":"detectImportMethod JSON detection should detect JSON with whitespace","status":"passed","title":"should detect JSON with whitespace","duration":0.03587500000003274,"failureMessages":[],"meta":{}},{"ancestorTitles":["detectImportMethod","edge cases"],"fullName":"detectImportMethod edge cases should return null for empty content","status":"passed","title":"should return null for empty content","duration":0.06999999999999318,"failureMessages":[],"meta":{}},{"ancestorTitles":["detectImportMethod","edge cases"],"fullName":"detectImportMethod edge cases should return null for unrecognized content","status":"passed","title":"should return null for unrecognized content","duration":0.04416600000001836,"failureMessages":[],"meta":{}},{"ancestorTitles":["detectImportMethod","edge cases"],"fullName":"detectImportMethod edge cases should handle content with special characters","status":"passed","title":"should handle content with special characters","duration":0.03787499999998545,"failureMessages":[],"meta":{}},{"ancestorTitles":["detectImportMethod","edge cases"],"fullName":"detectImportMethod edge cases should handle malformed JSON gracefully","status":"passed","title":"should handle malformed JSON gracefully","duration":0.041917000000012195,"failureMessages":[],"meta":{}}],"startTime":1782162502871,"endTime":1782162502873.0952,"status":"passed","message":"","name":"/Users/alexisrenart/Documents/Git/FoxalDB/frontend/src/lib/import-method/__tests__/detect-import-type.test.ts"},{"assertionResults":[{"ancestorTitles":["applyIds","table ID mapping"],"fullName":"applyIds table ID mapping should preserve table IDs when tables match by name and schema","status":"passed","title":"should preserve table IDs when tables match by name and schema","duration":3.8837910000000875,"failureMessages":[],"meta":{}},{"ancestorTitles":["applyIds","table ID mapping"],"fullName":"applyIds table ID mapping should keep target table IDs when no matching source table exists","status":"passed","title":"should keep target table IDs when no matching source table exists","duration":0.4819160000000693,"failureMessages":[],"meta":{}},{"ancestorTitles":["applyIds","field ID mapping"],"fullName":"applyIds field ID mapping should preserve field IDs when fields match by name within the same table","status":"passed","title":"should preserve field IDs when fields match by name within the same table","duration":1.001792000000023,"failureMessages":[],"meta":{}},{"ancestorTitles":["applyIds","index ID mapping"],"fullName":"applyIds index ID mapping should preserve index IDs and update field references","status":"passed","title":"should preserve index IDs and update field references","duration":1.2768330000000105,"failureMessages":[],"meta":{}},{"ancestorTitles":["applyIds","relationship ID mapping"],"fullName":"applyIds relationship ID mapping should preserve relationship IDs and update table/field references","status":"passed","title":"should preserve relationship IDs and update table/field references","duration":0.6815410000000384,"failureMessages":[],"meta":{}},{"ancestorTitles":["applyIds","dependency ID mapping"],"fullName":"applyIds dependency ID mapping should preserve dependency IDs and update table references","status":"passed","title":"should preserve dependency IDs and update table references","duration":0.6047919999999749,"failureMessages":[],"meta":{}},{"ancestorTitles":["applyIds","custom type ID mapping"],"fullName":"applyIds custom type ID mapping should preserve custom type IDs when types match by name and schema","status":"passed","title":"should preserve custom type IDs when types match by name and schema","duration":0.5740840000000844,"failureMessages":[],"meta":{}},{"ancestorTitles":["applyIds","complex scenarios"],"fullName":"applyIds complex scenarios should handle partial matches correctly","status":"passed","title":"should handle partial matches correctly","duration":1.7468750000000455,"failureMessages":[],"meta":{}},{"ancestorTitles":["applyIds","complex scenarios"],"fullName":"applyIds complex scenarios should handle different schemas correctly","status":"passed","title":"should handle different schemas correctly","duration":1.5634579999999687,"failureMessages":[],"meta":{}},{"ancestorTitles":["applyIds","complex scenarios"],"fullName":"applyIds complex scenarios should handle empty diagrams","status":"passed","title":"should handle empty diagrams","duration":0.1313750000000482,"failureMessages":[],"meta":{}},{"ancestorTitles":["applyIds","complex scenarios"],"fullName":"applyIds complex scenarios should return target diagram unchanged when source has no matching entities","status":"passed","title":"should return target diagram unchanged when source has no matching entities","duration":0.10845799999992778,"failureMessages":[],"meta":{}}],"startTime":1782162502633,"endTime":1782162502646.1313,"status":"passed","message":"","name":"/Users/alexisrenart/Documents/Git/FoxalDB/frontend/src/lib/utils/__tests__/apply-ids.test.ts"},{"assertionResults":[{"ancestorTitles":["Apply DBML Changes - single table"],"fullName":"Apply DBML Changes - single table should remove table field","status":"passed","title":"should remove table field","duration":2.6387079999999514,"failureMessages":[],"meta":{}},{"ancestorTitles":["Apply DBML Changes - single table"],"fullName":"Apply DBML Changes - single table should add table field","status":"passed","title":"should add table field","duration":0.23716699999999946,"failureMessages":[],"meta":{}},{"ancestorTitles":["Apply DBML Changes - single table"],"fullName":"Apply DBML Changes - single table should not add schema if not exists","status":"passed","title":"should not add schema if not exists","duration":0.19366600000000744,"failureMessages":[],"meta":{}},{"ancestorTitles":["Apply DBML Changes - single table"],"fullName":"Apply DBML Changes - single table should create table","status":"passed","title":"should create table","duration":0.2459999999999809,"failureMessages":[],"meta":{}},{"ancestorTitles":["Apply DBML Changes - single table"],"fullName":"Apply DBML Changes - single table should preserve index name","status":"passed","title":"should preserve index name","duration":0.6080829999999651,"failureMessages":[],"meta":{}},{"ancestorTitles":["Apply DBML Changes - relationships"],"fullName":"Apply DBML Changes - relationships should preserve relationships when table change","status":"passed","title":"should preserve relationships when table change","duration":0.3636659999999665,"failureMessages":[],"meta":{}},{"ancestorTitles":["Apply DBML Changes - relationships"],"fullName":"Apply DBML Changes - relationships should remove relationship","status":"passed","title":"should remove relationship","duration":0.18491600000004382,"failureMessages":[],"meta":{}},{"ancestorTitles":["Apply DBML Changes - relationships"],"fullName":"Apply DBML Changes - relationships should add relationship","status":"passed","title":"should add relationship","duration":0.23775000000000546,"failureMessages":[],"meta":{}},{"ancestorTitles":["Apply DBML Changes - relationships"],"fullName":"Apply DBML Changes - relationships should handle cardinality update when relationship direction is reversed","status":"passed","title":"should handle cardinality update when relationship direction is reversed","duration":0.6322089999999889,"failureMessages":[],"meta":{}},{"ancestorTitles":["Apply DBML Changes - relationships"],"fullName":"Apply DBML Changes - relationships should update cardinality when relationship direction matches (direct match)","status":"passed","title":"should update cardinality when relationship direction matches (direct match)","duration":0.2462919999999258,"failureMessages":[],"meta":{}},{"ancestorTitles":["Apply DBML Changes - relationships"],"fullName":"Apply DBML Changes - relationships should preserve cardinalities for new relationships","status":"passed","title":"should preserve cardinalities for new relationships","duration":0.20499999999992724,"failureMessages":[],"meta":{}}],"startTime":1782162502465,"endTime":1782162502470.2463,"status":"passed","message":"","name":"/Users/alexisrenart/Documents/Git/FoxalDB/frontend/src/lib/dbml/apply-dbml/__tests__/apply-dbml.test.ts"},{"assertionResults":[{"ancestorTitles":["Composite Primary Key Name Export"],"fullName":"Composite Primary Key Name Export should export composite primary key with name in DBML","status":"passed","title":"should export composite primary key with name in DBML","duration":208.66037500000016,"failureMessages":[],"meta":{}}],"startTime":1782162497900,"endTime":1782162498108.6604,"status":"passed","message":"","name":"/Users/alexisrenart/Documents/Git/FoxalDB/frontend/src/lib/dbml/dbml-export/__tests__/composite-pk-export.test.ts"},{"assertionResults":[{"ancestorTitles":["DBML Export - Invalid Check Constraints"],"fullName":"DBML Export - Invalid Check Constraints should not fail when table has invalid check constraints","status":"passed","title":"should not fail when table has invalid check constraints","duration":301.2387920000001,"failureMessages":[],"meta":{}},{"ancestorTitles":["DBML Export - Invalid Check Constraints"],"fullName":"DBML Export - Invalid Check Constraints should handle table with only invalid check constraints","status":"passed","title":"should handle table with only invalid check constraints","duration":51.13045799999986,"failureMessages":[],"meta":{}},{"ancestorTitles":["DBML Export - Invalid Check Constraints"],"fullName":"DBML Export - Invalid Check Constraints should handle empty check constraint expressions","status":"passed","title":"should handle empty check constraint expressions","duration":42.18275000000017,"failureMessages":[],"meta":{}},{"ancestorTitles":["DBML Export - Invalid Check Constraints"],"fullName":"DBML Export - Invalid Check Constraints should handle unbalanced parentheses in check constraints","status":"passed","title":"should handle unbalanced parentheses in check constraints","duration":147.71979199999987,"failureMessages":[],"meta":{}}],"startTime":1782162497892,"endTime":1782162498434.7197,"status":"passed","message":"","name":"/Users/alexisrenart/Documents/Git/FoxalDB/frontend/src/lib/dbml/dbml-export/__tests__/dbml-export-invalid-check-constraints.test.ts"},{"assertionResults":[{"ancestorTitles":["DBML Export - Issue Fixes"],"fullName":"DBML Export - Issue Fixes should merge field attributes into a single bracket instead of multiple","status":"passed","title":"should merge field attributes into a single bracket instead of multiple","duration":88.74729100000013,"failureMessages":[],"meta":{}},{"ancestorTitles":["DBML Export - Issue Fixes"],"fullName":"DBML Export - Issue Fixes should handle table names with schema using proper quoted syntax","status":"passed","title":"should handle table names with schema using proper quoted syntax","duration":17.076874999999973,"failureMessages":[],"meta":{}},{"ancestorTitles":["DBML Export - Issue Fixes"],"fullName":"DBML Export - Issue Fixes should preserve schema in table references within relationships","status":"passed","title":"should preserve schema in table references within relationships","duration":1.1557500000001255,"failureMessages":[],"meta":{}},{"ancestorTitles":["DBML Export - Issue Fixes"],"fullName":"DBML Export - Issue Fixes should wrap table and field names with spaces in quotes instead of replacing with underscores","status":"passed","title":"should wrap table and field names with spaces in quotes instead of replacing with underscores","duration":363.04920800000014,"failureMessages":[],"meta":{}},{"ancestorTitles":["DBML Export - Issue Fixes"],"fullName":"DBML Export - Issue Fixes should export table and field comments to DBML for PostgreSQL","status":"passed","title":"should export table and field comments to DBML for PostgreSQL","duration":38.593250000000126,"failureMessages":[],"meta":{}},{"ancestorTitles":["DBML Export - Issue Fixes"],"fullName":"DBML Export - Issue Fixes should export table and field comments to DBML for MySQL","status":"passed","title":"should export table and field comments to DBML for MySQL","duration":74.89937499999996,"failureMessages":[],"meta":{}},{"ancestorTitles":["DBML Export - Issue Fixes"],"fullName":"DBML Export - Issue Fixes should handle multiline comments for MySQL tables and fields","status":"passed","title":"should handle multiline comments for MySQL tables and fields","duration":15.762708000000202,"failureMessages":[],"meta":{}},{"ancestorTitles":["DBML Export - Issue Fixes"],"fullName":"DBML Export - Issue Fixes should handle multiline comments for PostgreSQL tables and fields","status":"passed","title":"should handle multiline comments for PostgreSQL tables and fields","duration":0.9102499999999054,"failureMessages":[],"meta":{}},{"ancestorTitles":["DBML Export - Issue Fixes"],"fullName":"DBML Export - Issue Fixes should preserve tables with same name but different schemas","status":"passed","title":"should preserve tables with same name but different schemas","duration":92.31020799999988,"failureMessages":[],"meta":{}},{"ancestorTitles":["DBML Export - Issue Fixes"],"fullName":"DBML Export - Issue Fixes should correctly handle categories tables with public and public_2 schemas","status":"passed","title":"should correctly handle categories tables with public and public_2 schemas","duration":1.2896249999998872,"failureMessages":[],"meta":{}},{"ancestorTitles":["DBML Export - Issue Fixes"],"fullName":"DBML Export - Issue Fixes should only remove tables with both same schema AND same name","status":"passed","title":"should only remove tables with both same schema AND same name","duration":13.303791000000047,"failureMessages":[],"meta":{}},{"ancestorTitles":["DBML Export - Issue Fixes"],"fullName":"DBML Export - Issue Fixes should export index names correctly in DBML","status":"passed","title":"should export index names correctly in DBML","duration":2.0195839999998952,"failureMessages":[],"meta":{}},{"ancestorTitles":["DBML Export - Issue Fixes"],"fullName":"DBML Export - Issue Fixes should export in the right format","status":"passed","title":"should export in the right format","duration":0.5776660000001357,"failureMessages":[],"meta":{}},{"ancestorTitles":["DBML Export - Issue Fixes"],"fullName":"DBML Export - Issue Fixes should handle tables with multiple relationships correctly","status":"passed","title":"should handle tables with multiple relationships correctly","duration":32.61087500000008,"failureMessages":[],"meta":{}},{"ancestorTitles":["DBML Export - Issue Fixes"],"fullName":"DBML Export - Issue Fixes should properly format closing brace when table has both indexes and inline refs","status":"passed","title":"should properly format closing brace when table has both indexes and inline refs","duration":0.6355000000000928,"failureMessages":[],"meta":{}},{"ancestorTitles":["DBML Export - Issue Fixes"],"fullName":"DBML Export - Issue Fixes should export GIN index type in DBML","status":"passed","title":"should export GIN index type in DBML","duration":3.7162080000000515,"failureMessages":[],"meta":{}},{"ancestorTitles":["DBML Export - Issue Fixes"],"fullName":"DBML Export - Issue Fixes should export composite GIN index type in DBML","status":"passed","title":"should export composite GIN index type in DBML","duration":16.46512500000017,"failureMessages":[],"meta":{}}],"startTime":1782162497870,"endTime":1782162498634.465,"status":"passed","message":"","name":"/Users/alexisrenart/Documents/Git/FoxalDB/frontend/src/lib/dbml/dbml-export/__tests__/dbml-export-issue-fix.test.ts"},{"assertionResults":[{"ancestorTitles":["DBML Export - Fix Multiline Table Names","DBML Generation with Special Characters"],"fullName":"DBML Export - Fix Multiline Table Names DBML Generation with Special Characters should handle table names with special characters","status":"passed","title":"should handle table names with special characters","duration":471.6707080000001,"failureMessages":[],"meta":{}},{"ancestorTitles":["DBML Export - Fix Multiline Table Names","DBML Generation with Special Characters"],"fullName":"DBML Export - Fix Multiline Table Names DBML Generation with Special Characters should handle schema-qualified table names","status":"passed","title":"should handle schema-qualified table names","duration":7.697458999999981,"failureMessages":[],"meta":{}},{"ancestorTitles":["DBML Export - Fix Multiline Table Names","DBML Generation with Special Characters"],"fullName":"DBML Export - Fix Multiline Table Names DBML Generation with Special Characters should handle table names with spaces","status":"passed","title":"should handle table names with spaces","duration":0.5965409999998883,"failureMessages":[],"meta":{}},{"ancestorTitles":["DBML Export - Fix Multiline Table Names","DBML Generation with Special Characters"],"fullName":"DBML Export - Fix Multiline Table Names DBML Generation with Special Characters should handle schema names with spaces","status":"passed","title":"should handle schema names with spaces","duration":0.560457999999926,"failureMessages":[],"meta":{}},{"ancestorTitles":["DBML Export - Fix Multiline Table Names","DBML Generation with Special Characters"],"fullName":"DBML Export - Fix Multiline Table Names DBML Generation with Special Characters should handle table names with dots","status":"passed","title":"should handle table names with dots","duration":0.511290999999801,"failureMessages":[],"meta":{}},{"ancestorTitles":["DBML Export - Fix Multiline Table Names","DBML Generation with Special Characters"],"fullName":"DBML Export - Fix Multiline Table Names DBML Generation with Special Characters should not have line breaks in table declarations","status":"passed","title":"should not have line breaks in table declarations","duration":0.7089169999999285,"failureMessages":[],"meta":{}},{"ancestorTitles":["DBML Export - Fix Multiline Table Names","Multiple tables and relationships"],"fullName":"DBML Export - Fix Multiline Table Names Multiple tables and relationships should handle multiple tables with special characters","status":"passed","title":"should handle multiple tables with special characters","duration":67.97004100000004,"failureMessages":[],"meta":{}},{"ancestorTitles":["DBML Export - Fix Multiline Table Names","Multiple tables and relationships"],"fullName":"DBML Export - Fix Multiline Table Names Multiple tables and relationships should work correctly with inline DBML format","status":"passed","title":"should work correctly with inline DBML format","duration":1.2097089999999753,"failureMessages":[],"meta":{}},{"ancestorTitles":["DBML Export - Fix Multiline Table Names","Edge cases"],"fullName":"DBML Export - Fix Multiline Table Names Edge cases should handle empty table names gracefully","status":"passed","title":"should handle empty table names gracefully","duration":0.45554200000015044,"failureMessages":[],"meta":{}},{"ancestorTitles":["DBML Export - Fix Multiline Table Names","Edge cases"],"fullName":"DBML Export - Fix Multiline Table Names Edge cases should handle Unicode characters in names","status":"passed","title":"should handle Unicode characters in names","duration":3.1887080000001333,"failureMessages":[],"meta":{}}],"startTime":1782162497938,"endTime":1782162498492.1887,"status":"passed","message":"","name":"/Users/alexisrenart/Documents/Git/FoxalDB/frontend/src/lib/dbml/dbml-export/__tests__/dbml-export-multiline-fix.test.ts"},{"assertionResults":[{"ancestorTitles":["DBML SQL Sanitization - Fantasy Examples","Character Type Fixes"],"fullName":"DBML SQL Sanitization - Fantasy Examples Character Type Fixes should fix char type with spaces before parentheses","status":"passed","title":"should fix char type with spaces before parentheses","duration":1.5360419999999522,"failureMessages":[],"meta":{}},{"ancestorTitles":["DBML SQL Sanitization - Fantasy Examples","Default Value Fixes"],"fullName":"DBML SQL Sanitization - Fantasy Examples Default Value Fixes should quote three-letter currency codes","status":"passed","title":"should quote three-letter currency codes","duration":0.15154200000006313,"failureMessages":[],"meta":{}},{"ancestorTitles":["DBML SQL Sanitization - Fantasy Examples","Default Value Fixes"],"fullName":"DBML SQL Sanitization - Fantasy Examples Default Value Fixes should convert DEFAULT NOW to DEFAULT NOW()","status":"passed","title":"should convert DEFAULT NOW to DEFAULT NOW()","duration":0.1871250000000373,"failureMessages":[],"meta":{}},{"ancestorTitles":["DBML SQL Sanitization - Fantasy Examples","Default Value Fixes"],"fullName":"DBML SQL Sanitization - Fantasy Examples Default Value Fixes should quote lowercase and mixed-case bare identifier defaults","status":"passed","title":"should quote lowercase and mixed-case bare identifier defaults","duration":0.11654199999998127,"failureMessages":[],"meta":{}},{"ancestorTitles":["DBML SQL Sanitization - Fantasy Examples","Default Value Fixes"],"fullName":"DBML SQL Sanitization - Fantasy Examples Default Value Fixes should not affect other DEFAULT values","status":"passed","title":"should not affect other DEFAULT values","duration":0.19304199999999128,"failureMessages":[],"meta":{}},{"ancestorTitles":["DBML SQL Sanitization - Fantasy Examples","Foreign Key Constraint Fixes"],"fullName":"DBML SQL Sanitization - Fantasy Examples Foreign Key Constraint Fixes should handle duplicate constraint names","status":"passed","title":"should handle duplicate constraint names","duration":0.1654999999999518,"failureMessages":[],"meta":{}},{"ancestorTitles":["DBML SQL Sanitization - Fantasy Examples","Foreign Key Constraint Fixes"],"fullName":"DBML SQL Sanitization - Fantasy Examples Foreign Key Constraint Fixes should preserve valid self-referential foreign keys but filter invalid ones","status":"passed","title":"should preserve valid self-referential foreign keys but filter invalid ones","duration":0.23358299999995324,"failureMessages":[],"meta":{}},{"ancestorTitles":["DBML SQL Sanitization - Fantasy Examples","Foreign Key Constraint Fixes"],"fullName":"DBML SQL Sanitization - Fantasy Examples Foreign Key Constraint Fixes should not comment out normal foreign keys","status":"passed","title":"should not comment out normal foreign keys","duration":0.07862499999998818,"failureMessages":[],"meta":{}},{"ancestorTitles":["DBML SQL Sanitization - Fantasy Examples","PostgreSQL Type Casting Fixes"],"fullName":"DBML SQL Sanitization - Fantasy Examples PostgreSQL Type Casting Fixes should remove ::regclass type casts","status":"passed","title":"should remove ::regclass type casts","duration":0.08658299999990504,"failureMessages":[],"meta":{}},{"ancestorTitles":["DBML SQL Sanitization - Fantasy Examples","Index Column Deduplication"],"fullName":"DBML SQL Sanitization - Fantasy Examples Index Column Deduplication should remove duplicate columns from index definitions","status":"passed","title":"should remove duplicate columns from index definitions","duration":0.16758400000003348,"failureMessages":[],"meta":{}},{"ancestorTitles":["DBML SQL Sanitization - Fantasy Examples","Special Character Replacement"],"fullName":"DBML SQL Sanitization - Fantasy Examples Special Character Replacement should replace ?? with __","status":"passed","title":"should replace ?? with __","duration":0.07800000000008822,"failureMessages":[],"meta":{}},{"ancestorTitles":["DBML SQL Sanitization - Fantasy Examples","Complex Real-World Scenario"],"fullName":"DBML SQL Sanitization - Fantasy Examples Complex Real-World Scenario should handle the problematic SQL from the error message","status":"passed","title":"should handle the problematic SQL from the error message","duration":0.11283300000002328,"failureMessages":[],"meta":{}},{"ancestorTitles":["DBML SQL Sanitization - Fantasy Examples","Magic System Edge Cases"],"fullName":"DBML SQL Sanitization - Fantasy Examples Magic System Edge Cases should handle complex magical database structures","status":"passed","title":"should handle complex magical database structures","duration":0.1330000000000382,"failureMessages":[],"meta":{}}],"startTime":1782162503039,"endTime":1782162503042.1675,"status":"passed","message":"","name":"/Users/alexisrenart/Documents/Git/FoxalDB/frontend/src/lib/dbml/dbml-export/__tests__/dbml-export-sanitization.test.ts"},{"assertionResults":[{"ancestorTitles":["DBML Self-Referencing Relationships"],"fullName":"DBML Self-Referencing Relationships should preserve self-referencing relationships in DBML export","status":"failed","title":"should preserve self-referencing relationships in DBML export","duration":14.821249999999964,"failureMessages":["TypeError: localStorage.getItem is not a function\n    at getWorkspaceId (/Users/alexisrenart/Documents/Git/FoxalDB/frontend/src/lib/utils/utils.ts:18:36)\n    at generateDiagramId (/Users/alexisrenart/Documents/Git/FoxalDB/frontend/src/lib/utils/utils.ts:29:20)\n    at importDBMLToDiagram (/Users/alexisrenart/Documents/Git/FoxalDB/frontend/src/lib/dbml/dbml-import/dbml-import.ts:1087:17)\n    at /Users/alexisrenart/Documents/Git/FoxalDB/frontend/src/lib/dbml/dbml-export/__tests__/dbml-self-referencing.test.ts:23:35\n    at file:///Users/alexisrenart/Documents/Git/FoxalDB/frontend/node_modules/@vitest/runner/dist/chunk-hooks.js:155:11\n    at file:///Users/alexisrenart/Documents/Git/FoxalDB/frontend/node_modules/@vitest/runner/dist/chunk-hooks.js:752:26\n    at file:///Users/alexisrenart/Documents/Git/FoxalDB/frontend/node_modules/@vitest/runner/dist/chunk-hooks.js:1897:20\n    at new Promise (<anonymous>)\n    at runWithTimeout (file:///Users/alexisrenart/Documents/Git/FoxalDB/frontend/node_modules/@vitest/runner/dist/chunk-hooks.js:1863:10)\n    at runTest (file:///Users/alexisrenart/Documents/Git/FoxalDB/frontend/node_modules/@vitest/runner/dist/chunk-hooks.js:1574:12)"],"meta":{}},{"ancestorTitles":["DBML Self-Referencing Relationships"],"fullName":"DBML Self-Referencing Relationships should handle self-referencing relationships in employee hierarchy","status":"failed","title":"should handle self-referencing relationships in employee hierarchy","duration":3.5695839999998498,"failureMessages":["TypeError: localStorage.getItem is not a function\n    at getWorkspaceId (/Users/alexisrenart/Documents/Git/FoxalDB/frontend/src/lib/utils/utils.ts:18:36)\n    at generateDiagramId (/Users/alexisrenart/Documents/Git/FoxalDB/frontend/src/lib/utils/utils.ts:29:20)\n    at importDBMLToDiagram (/Users/alexisrenart/Documents/Git/FoxalDB/frontend/src/lib/dbml/dbml-import/dbml-import.ts:1087:17)\n    at /Users/alexisrenart/Documents/Git/FoxalDB/frontend/src/lib/dbml/dbml-export/__tests__/dbml-self-referencing.test.ts:64:31\n    at file:///Users/alexisrenart/Documents/Git/FoxalDB/frontend/node_modules/@vitest/runner/dist/chunk-hooks.js:155:11\n    at file:///Users/alexisrenart/Documents/Git/FoxalDB/frontend/node_modules/@vitest/runner/dist/chunk-hooks.js:752:26\n    at file:///Users/alexisrenart/Documents/Git/FoxalDB/frontend/node_modules/@vitest/runner/dist/chunk-hooks.js:1897:20\n    at new Promise (<anonymous>)\n    at runWithTimeout (file:///Users/alexisrenart/Documents/Git/FoxalDB/frontend/node_modules/@vitest/runner/dist/chunk-hooks.js:1863:10)\n    at runTest (file:///Users/alexisrenart/Documents/Git/FoxalDB/frontend/node_modules/@vitest/runner/dist/chunk-hooks.js:1574:12)"],"meta":{}},{"ancestorTitles":["DBML Self-Referencing Relationships"],"fullName":"DBML Self-Referencing Relationships should handle multiple self-referencing relationships","status":"failed","title":"should handle multiple self-referencing relationships","duration":1.0745830000000751,"failureMessages":["TypeError: localStorage.getItem is not a function\n    at getWorkspaceId (/Users/alexisrenart/Documents/Git/FoxalDB/frontend/src/lib/utils/utils.ts:18:36)\n    at generateDiagramId (/Users/alexisrenart/Documents/Git/FoxalDB/frontend/src/lib/utils/utils.ts:29:20)\n    at importDBMLToDiagram (/Users/alexisrenart/Documents/Git/FoxalDB/frontend/src/lib/dbml/dbml-import/dbml-import.ts:1087:17)\n    at /Users/alexisrenart/Documents/Git/FoxalDB/frontend/src/lib/dbml/dbml-export/__tests__/dbml-self-referencing.test.ts:94:31\n    at file:///Users/alexisrenart/Documents/Git/FoxalDB/frontend/node_modules/@vitest/runner/dist/chunk-hooks.js:155:11\n    at file:///Users/alexisrenart/Documents/Git/FoxalDB/frontend/node_modules/@vitest/runner/dist/chunk-hooks.js:752:26\n    at file:///Users/alexisrenart/Documents/Git/FoxalDB/frontend/node_modules/@vitest/runner/dist/chunk-hooks.js:1897:20\n    at new Promise (<anonymous>)\n    at runWithTimeout (file:///Users/alexisrenart/Documents/Git/FoxalDB/frontend/node_modules/@vitest/runner/dist/chunk-hooks.js:1863:10)\n    at runTest (file:///Users/alexisrenart/Documents/Git/FoxalDB/frontend/node_modules/@vitest/runner/dist/chunk-hooks.js:1574:12)"],"meta":{}},{"ancestorTitles":["DBML Self-Referencing Relationships"],"fullName":"DBML Self-Referencing Relationships should handle self-referencing with schemas","status":"failed","title":"should handle self-referencing with schemas","duration":1.5952079999999569,"failureMessages":["TypeError: localStorage.getItem is not a function\n    at getWorkspaceId (/Users/alexisrenart/Documents/Git/FoxalDB/frontend/src/lib/utils/utils.ts:18:36)\n    at generateDiagramId (/Users/alexisrenart/Documents/Git/FoxalDB/frontend/src/lib/utils/utils.ts:29:20)\n    at importDBMLToDiagram (/Users/alexisrenart/Documents/Git/FoxalDB/frontend/src/lib/dbml/dbml-import/dbml-import.ts:1087:17)\n    at /Users/alexisrenart/Documents/Git/FoxalDB/frontend/src/lib/dbml/dbml-export/__tests__/dbml-self-referencing.test.ts:129:31\n    at file:///Users/alexisrenart/Documents/Git/FoxalDB/frontend/node_modules/@vitest/runner/dist/chunk-hooks.js:155:11\n    at file:///Users/alexisrenart/Documents/Git/FoxalDB/frontend/node_modules/@vitest/runner/dist/chunk-hooks.js:752:26\n    at file:///Users/alexisrenart/Documents/Git/FoxalDB/frontend/node_modules/@vitest/runner/dist/chunk-hooks.js:1897:20\n    at new Promise (<anonymous>)\n    at runWithTimeout (file:///Users/alexisrenart/Documents/Git/FoxalDB/frontend/node_modules/@vitest/runner/dist/chunk-hooks.js:1863:10)\n    at runTest (file:///Users/alexisrenart/Documents/Git/FoxalDB/frontend/node_modules/@vitest/runner/dist/chunk-hooks.js:1574:12)"],"meta":{}},{"ancestorTitles":["DBML Self-Referencing Relationships"],"fullName":"DBML Self-Referencing Relationships should handle circular references in graph structures","status":"failed","title":"should handle circular references in graph structures","duration":2.211166999999932,"failureMessages":["TypeError: localStorage.getItem is not a function\n    at getWorkspaceId (/Users/alexisrenart/Documents/Git/FoxalDB/frontend/src/lib/utils/utils.ts:18:36)\n    at generateDiagramId (/Users/alexisrenart/Documents/Git/FoxalDB/frontend/src/lib/utils/utils.ts:29:20)\n    at importDBMLToDiagram (/Users/alexisrenart/Documents/Git/FoxalDB/frontend/src/lib/dbml/dbml-import/dbml-import.ts:1087:17)\n    at /Users/alexisrenart/Documents/Git/FoxalDB/frontend/src/lib/dbml/dbml-export/__tests__/dbml-self-referencing.test.ts:155:31\n    at file:///Users/alexisrenart/Documents/Git/FoxalDB/frontend/node_modules/@vitest/runner/dist/chunk-hooks.js:155:11\n    at file:///Users/alexisrenart/Documents/Git/FoxalDB/frontend/node_modules/@vitest/runner/dist/chunk-hooks.js:752:26\n    at file:///Users/alexisrenart/Documents/Git/FoxalDB/frontend/node_modules/@vitest/runner/dist/chunk-hooks.js:1897:20\n    at new Promise (<anonymous>)\n    at runWithTimeout (file:///Users/alexisrenart/Documents/Git/FoxalDB/frontend/node_modules/@vitest/runner/dist/chunk-hooks.js:1863:10)\n    at runTest (file:///Users/alexisrenart/Documents/Git/FoxalDB/frontend/node_modules/@vitest/runner/dist/chunk-hooks.js:1574:12)"],"meta":{}}],"startTime":1782162496729,"endTime":1782162496752.2112,"status":"failed","message":"","name":"/Users/alexisrenart/Documents/Git/FoxalDB/frontend/src/lib/dbml/dbml-export/__tests__/dbml-self-referencing.test.ts"},{"assertionResults":[{"ancestorTitles":["DBML Export - Empty Tables"],"fullName":"DBML Export - Empty Tables should filter out tables with no fields","status":"failed","title":"should filter out tables with no fields","duration":4.256666999999879,"failureMessages":["TypeError: localStorage.getItem is not a function\n    at getWorkspaceId (/Users/alexisrenart/Documents/Git/FoxalDB/frontend/src/lib/utils/utils.ts:18:36)\n    at generateDiagramId (/Users/alexisrenart/Documents/Git/FoxalDB/frontend/src/lib/utils/utils.ts:29:20)\n    at /Users/alexisrenart/Documents/Git/FoxalDB/frontend/src/lib/dbml/dbml-export/__tests__/empty-tables.test.ts:10:17\n    at file:///Users/alexisrenart/Documents/Git/FoxalDB/frontend/node_modules/@vitest/runner/dist/chunk-hooks.js:155:11\n    at file:///Users/alexisrenart/Documents/Git/FoxalDB/frontend/node_modules/@vitest/runner/dist/chunk-hooks.js:752:26\n    at file:///Users/alexisrenart/Documents/Git/FoxalDB/frontend/node_modules/@vitest/runner/dist/chunk-hooks.js:1897:20\n    at new Promise (<anonymous>)\n    at runWithTimeout (file:///Users/alexisrenart/Documents/Git/FoxalDB/frontend/node_modules/@vitest/runner/dist/chunk-hooks.js:1863:10)\n    at runTest (file:///Users/alexisrenart/Documents/Git/FoxalDB/frontend/node_modules/@vitest/runner/dist/chunk-hooks.js:1574:12)\n    at processTicksAndRejections (node:internal/process/task_queues:104:5)"],"meta":{}},{"ancestorTitles":["DBML Export - Empty Tables"],"fullName":"DBML Export - Empty Tables should handle diagram with only empty tables","status":"failed","title":"should handle diagram with only empty tables","duration":0.25824999999986176,"failureMessages":["TypeError: localStorage.getItem is not a function\n    at getWorkspaceId (/Users/alexisrenart/Documents/Git/FoxalDB/frontend/src/lib/utils/utils.ts:18:36)\n    at generateDiagramId (/Users/alexisrenart/Documents/Git/FoxalDB/frontend/src/lib/utils/utils.ts:29:20)\n    at /Users/alexisrenart/Documents/Git/FoxalDB/frontend/src/lib/dbml/dbml-export/__tests__/empty-tables.test.ts:89:17\n    at file:///Users/alexisrenart/Documents/Git/FoxalDB/frontend/node_modules/@vitest/runner/dist/chunk-hooks.js:155:11\n    at file:///Users/alexisrenart/Documents/Git/FoxalDB/frontend/node_modules/@vitest/runner/dist/chunk-hooks.js:752:26\n    at file:///Users/alexisrenart/Documents/Git/FoxalDB/frontend/node_modules/@vitest/runner/dist/chunk-hooks.js:1897:20\n    at new Promise (<anonymous>)\n    at runWithTimeout (file:///Users/alexisrenart/Documents/Git/FoxalDB/frontend/node_modules/@vitest/runner/dist/chunk-hooks.js:1863:10)\n    at runTest (file:///Users/alexisrenart/Documents/Git/FoxalDB/frontend/node_modules/@vitest/runner/dist/chunk-hooks.js:1574:12)\n    at processTicksAndRejections (node:internal/process/task_queues:104:5)"],"meta":{}},{"ancestorTitles":["DBML Export - Empty Tables"],"fullName":"DBML Export - Empty Tables should filter out table that becomes empty after removing invalid fields","status":"failed","title":"should filter out table that becomes empty after removing invalid fields","duration":0.21595899999988433,"failureMessages":["TypeError: localStorage.getItem is not a function\n    at getWorkspaceId (/Users/alexisrenart/Documents/Git/FoxalDB/frontend/src/lib/utils/utils.ts:18:36)\n    at generateDiagramId (/Users/alexisrenart/Documents/Git/FoxalDB/frontend/src/lib/utils/utils.ts:29:20)\n    at /Users/alexisrenart/Documents/Git/FoxalDB/frontend/src/lib/dbml/dbml-export/__tests__/empty-tables.test.ts:133:17\n    at file:///Users/alexisrenart/Documents/Git/FoxalDB/frontend/node_modules/@vitest/runner/dist/chunk-hooks.js:155:11\n    at file:///Users/alexisrenart/Documents/Git/FoxalDB/frontend/node_modules/@vitest/runner/dist/chunk-hooks.js:752:26\n    at file:///Users/alexisrenart/Documents/Git/FoxalDB/frontend/node_modules/@vitest/runner/dist/chunk-hooks.js:1897:20\n    at new Promise (<anonymous>)\n    at runWithTimeout (file:///Users/alexisrenart/Documents/Git/FoxalDB/frontend/node_modules/@vitest/runner/dist/chunk-hooks.js:1863:10)\n    at runTest (file:///Users/alexisrenart/Documents/Git/FoxalDB/frontend/node_modules/@vitest/runner/dist/chunk-hooks.js:1574:12)\n    at processTicksAndRejections (node:internal/process/task_queues:104:5)"],"meta":{}}],"startTime":1782162497872,"endTime":1782162497877.2583,"status":"failed","message":"","name":"/Users/alexisrenart/Documents/Git/FoxalDB/frontend/src/lib/dbml/dbml-export/__tests__/empty-tables.test.ts"},{"assertionResults":[{"ancestorTitles":["DBML Export cases"],"fullName":"DBML Export cases should handle case 1 diagram","status":"failed","title":"should handle case 1 diagram","duration":633.3895,"failureMessages":["TypeError: localStorage.getItem is not a function\n    at getWorkspaceId (/Users/alexisrenart/Documents/Git/FoxalDB/frontend/src/lib/utils/utils.ts:18:36)\n    at generateDiagramId (/Users/alexisrenart/Documents/Git/FoxalDB/frontend/src/lib/utils/utils.ts:29:20)\n    at cloneDiagramWithIds (/Users/alexisrenart/Documents/Git/FoxalDB/frontend/src/lib/export-import-utils.ts:22:9)\n    at diagramFromJSONInput (/Users/alexisrenart/Documents/Git/FoxalDB/frontend/src/lib/export-import-utils.ts:39:12)\n    at testCase (/Users/alexisrenart/Documents/Git/FoxalDB/frontend/src/lib/dbml/dbml-export/__tests__/export-sql-dbml-cases.test.ts:13:21)\n    at /Users/alexisrenart/Documents/Git/FoxalDB/frontend/src/lib/dbml/dbml-export/__tests__/export-sql-dbml-cases.test.ts:51:9\n    at file:///Users/alexisrenart/Documents/Git/FoxalDB/frontend/node_modules/@vitest/runner/dist/chunk-hooks.js:155:11\n    at file:///Users/alexisrenart/Documents/Git/FoxalDB/frontend/node_modules/@vitest/runner/dist/chunk-hooks.js:752:26\n    at file:///Users/alexisrenart/Documents/Git/FoxalDB/frontend/node_modules/@vitest/runner/dist/chunk-hooks.js:1897:20\n    at new Promise (<anonymous>)"],"meta":{}},{"ancestorTitles":["DBML Export cases"],"fullName":"DBML Export cases should handle case 2 diagram","status":"failed","title":"should handle case 2 diagram","duration":0.9600830000003953,"failureMessages":["TypeError: localStorage.getItem is not a function\n    at getWorkspaceId (/Users/alexisrenart/Documents/Git/FoxalDB/frontend/src/lib/utils/utils.ts:18:36)\n    at generateDiagramId (/Users/alexisrenart/Documents/Git/FoxalDB/frontend/src/lib/utils/utils.ts:29:20)\n    at cloneDiagramWithIds (/Users/alexisrenart/Documents/Git/FoxalDB/frontend/src/lib/export-import-utils.ts:22:9)\n    at diagramFromJSONInput (/Users/alexisrenart/Documents/Git/FoxalDB/frontend/src/lib/export-import-utils.ts:39:12)\n    at testCase (/Users/alexisrenart/Documents/Git/FoxalDB/frontend/src/lib/dbml/dbml-export/__tests__/export-sql-dbml-cases.test.ts:13:21)\n    at /Users/alexisrenart/Documents/Git/FoxalDB/frontend/src/lib/dbml/dbml-export/__tests__/export-sql-dbml-cases.test.ts:55:9\n    at file:///Users/alexisrenart/Documents/Git/FoxalDB/frontend/node_modules/@vitest/runner/dist/chunk-hooks.js:155:11\n    at file:///Users/alexisrenart/Documents/Git/FoxalDB/frontend/node_modules/@vitest/runner/dist/chunk-hooks.js:752:26\n    at file:///Users/alexisrenart/Documents/Git/FoxalDB/frontend/node_modules/@vitest/runner/dist/chunk-hooks.js:1897:20\n    at new Promise (<anonymous>)"],"meta":{}},{"ancestorTitles":["DBML Export cases"],"fullName":"DBML Export cases should handle case 3 diagram","status":"failed","title":"should handle case 3 diagram","duration":0.7937910000000556,"failureMessages":["TypeError: localStorage.getItem is not a function\n    at getWorkspaceId (/Users/alexisrenart/Documents/Git/FoxalDB/frontend/src/lib/utils/utils.ts:18:36)\n    at generateDiagramId (/Users/alexisrenart/Documents/Git/FoxalDB/frontend/src/lib/utils/utils.ts:29:20)\n    at cloneDia
[...]
"duration":90.40779200000009,"failureMessages":[],"meta":{}},{"ancestorTitles":["Junction Table Parsing - Spell Plans Database"],"fullName":"Junction Table Parsing - Spell Plans Database should parse the exact junction table definition","status":"passed","title":"should parse the exact junction table definition","duration":1.065166999999974,"failureMessages":[],"meta":{}}],"startTime":1782162499854,"endTime":1782162499946.0652,"status":"passed","message":"","name":"/Users/alexisrenart/Documents/Git/FoxalDB/frontend/src/lib/data/sql-import/dialect-importers/postgresql/__tests__/test-forth-example-external-file.test.ts"},{"assertionResults":[{"ancestorTitles":["Invalid multi-line string in SQL"],"fullName":"Invalid multi-line string in SQL should handle SQL with orphaned string literal","status":"passed","title":"should handle SQL with orphaned string literal","duration":112.85708299999999,"failureMessages":[],"meta":{}},{"ancestorTitles":["Invalid multi-line string in SQL"],"fullName":"Invalid multi-line string in SQL should parse all tables even if one has syntax errors","status":"passed","title":"should parse all tables even if one has syntax errors","duration":4.29366600000003,"failureMessages":[],"meta":{}}],"startTime":1782162501804,"endTime":1782162501921.2937,"status":"passed","message":"","name":"/Users/alexisrenart/Documents/Git/FoxalDB/frontend/src/lib/data/sql-import/dialect-importers/postgresql/__tests__/test-invalid-multiline-string.test.ts"},{"assertionResults":[{"ancestorTitles":["Magical junction table parsing for wizard spell associations"],"fullName":"Magical junction table parsing for wizard spell associations should parse the wizard-spell junction table for tracking spell knowledge","status":"passed","title":"should parse the wizard-spell junction table for tracking spell knowledge","duration":77.73137499999996,"failureMessages":[],"meta":{}},{"ancestorTitles":["Magical junction table parsing for wizard spell associations"],"fullName":"Magical junction table parsing for wizard spell associations should count all CREATE TABLE statements for magical entities in quest system","status":"passed","title":"should count all CREATE TABLE statements for magical entities in quest system","duration":20.621833000000038,"failureMessages":[],"meta":{}}],"startTime":1782162500119,"endTime":1782162500217.6218,"status":"passed","message":"","name":"/Users/alexisrenart/Documents/Git/FoxalDB/frontend/src/lib/data/sql-import/dialect-importers/postgresql/__tests__/test-junction-table-parsing.test.ts"},{"assertionResults":[{"ancestorTitles":["junction table parsing fix"],"fullName":"junction table parsing fix should parse table with single-line comment before CREATE TABLE","status":"passed","title":"should parse table with single-line comment before CREATE TABLE","duration":100.7282919999999,"failureMessages":[],"meta":{}},{"ancestorTitles":["junction table parsing fix"],"fullName":"junction table parsing fix should handle multiple tables with comments","status":"passed","title":"should handle multiple tables with comments","duration":4.929917000000046,"failureMessages":[],"meta":{}},{"ancestorTitles":["junction table parsing fix"],"fullName":"junction table parsing fix should handle statements that start with comment but include CREATE TABLE","status":"passed","title":"should handle statements that start with comment but include CREATE TABLE","duration":1.7725000000000364,"failureMessages":[],"meta":{}},{"ancestorTitles":["junction table parsing fix"],"fullName":"junction table parsing fix should parse all three tables including junction table","status":"passed","title":"should parse all three tables including junction table","duration":2.674041999999986,"failureMessages":[],"meta":{}}],"startTime":1782162500817,"endTime":1782162500927.674,"status":"passed","message":"","name":"/Users/alexisrenart/Documents/Git/FoxalDB/frontend/src/lib/data/sql-import/dialect-importers/postgresql/__tests__/test-junction-table-with-comments.test.ts"},{"assertionResults":[{"ancestorTitles":["PostgreSQL Complex Database - Enchanted Bazaar"],"fullName":"PostgreSQL Complex Database - Enchanted Bazaar should parse the complete magical marketplace database","status":"passed","title":"should parse the complete magical marketplace database","duration":109.44825000000003,"failureMessages":[],"meta":{}}],"startTime":1782162499767,"endTime":1782162499876.4482,"status":"passed","message":"","name":"/Users/alexisrenart/Documents/Git/FoxalDB/frontend/src/lib/data/sql-import/dialect-importers/postgresql/__tests__/test-marketplace-database-parsing.test.ts"},{"assertionResults":[{"ancestorTitles":["PostgreSQL Minimal Type Test"],"fullName":"PostgreSQL Minimal Type Test should handle CREATE EXTENSION, CREATE TYPE, and multi-line comments","status":"passed","title":"should handle CREATE EXTENSION, CREATE TYPE, and multi-line comments","duration":83.885583,"failureMessages":[],"meta":{}}],"startTime":1782162500059,"endTime":1782162500142.8855,"status":"passed","message":"","name":"/Users/alexisrenart/Documents/Git/FoxalDB/frontend/src/lib/data/sql-import/dialect-importers/postgresql/__tests__/test-minimal-types.test.ts"},{"assertionResults":[{"ancestorTitles":["Test All Five Enums"],"fullName":"Test All Five Enums should find all 5 enums from the exact SQL in the file","status":"passed","title":"should find all 5 enums from the exact SQL in the file","duration":114.08237500000007,"failureMessages":[],"meta":{}},{"ancestorTitles":["Test All Five Enums"],"fullName":"Test All Five Enums should handle CREATE TYPE statements with semicolons on same line","status":"passed","title":"should handle CREATE TYPE statements with semicolons on same line","duration":0.5810410000000275,"failureMessages":[],"meta":{}}],"startTime":1782162500781,"endTime":1782162500895.581,"status":"passed","message":"","name":"/Users/alexisrenart/Documents/Git/FoxalDB/frontend/src/lib/data/sql-import/dialect-importers/postgresql/__tests__/test-multiple-enum-parsing.test.ts"},{"assertionResults":[{"ancestorTitles":["Table Count Validation"],"fullName":"Table Count Validation should parse all CREATE TABLE statements without missing any","status":"passed","title":"should parse all CREATE TABLE statements without missing any","duration":106.70550000000003,"failureMessages":[],"meta":{}},{"ancestorTitles":["Table Count Validation"],"fullName":"Table Count Validation should handle edge cases that might cause tables to be missed","status":"passed","title":"should handle edge cases that might cause tables to be missed","duration":7.327291999999943,"failureMessages":[],"meta":{}}],"startTime":1782162500647,"endTime":1782162500761.3274,"status":"passed","message":"","name":"/Users/alexisrenart/Documents/Git/FoxalDB/frontend/src/lib/data/sql-import/dialect-importers/postgresql/__tests__/test-parse-all-create-statements.test.ts"},{"assertionResults":[{"ancestorTitles":["PostgreSQL Quest Management Database"],"fullName":"PostgreSQL Quest Management Database should parse the magical quest management database","status":"passed","title":"should parse the magical quest management database","duration":105.34637499999997,"failureMessages":[],"meta":{}}],"startTime":1782162498447,"endTime":1782162498552.3464,"status":"passed","message":"","name":"/Users/alexisrenart/Documents/Git/FoxalDB/frontend/src/lib/data/sql-import/dialect-importers/postgresql/__tests__/test-quest-management-database.test.ts"},{"assertionResults":[{"ancestorTitles":["Missing quest_status Bug - Magical Quest Management System"],"fullName":"Missing quest_status Bug - Magical Quest Management System should parse all 5 magical enums including quest_status for adventurer tracking","status":"passed","title":"should parse all 5 magical enums including quest_status for adventurer tracking","duration":79.85516699999994,"failureMessages":[],"meta":{}},{"ancestorTitles":["Missing quest_status Bug - Magical Quest Management System"],"fullName":"Missing quest_status Bug - Magical Quest Management System should also work with the improved parser for magical quest and spell enums","status":"passed","title":"should also work with the improved parser for magical quest and spell enums","duration":0.47387499999990723,"failureMessages":[],"meta":{}}],"startTime":1782162501203,"endTime":1782162501283.4739,"status":"passed","message":"","name":"/Users/alexisrenart/Documents/Git/FoxalDB/frontend/src/lib/data/sql-import/dialect-importers/postgresql/__tests__/test-quest-status-enum-parsing.test.ts"},{"assertionResults":[{"ancestorTitles":["Real-world PostgreSQL import examples"],"fullName":"Real-world PostgreSQL import examples should successfully parse a complex real-world schema with enums","status":"passed","title":"should successfully parse a complex real-world schema with enums","duration":80.32212500000003,"failureMessages":[],"meta":{}},{"ancestorTitles":["Real-world PostgreSQL import examples"],"fullName":"Real-world PostgreSQL import examples should provide actionable feedback for common syntax issues","status":"passed","title":"should provide actionable feedback for common syntax issues","duration":1.616166000000021,"failureMessages":[],"meta":{}}],"startTime":1782162500460,"endTime":1782162500542.6162,"status":"passed","message":"","name":"/Users/alexisrenart/Documents/Git/FoxalDB/frontend/src/lib/data/sql-import/dialect-importers/postgresql/__tests__/test-real-world-import-example.test.ts"},{"assertionResults":[{"ancestorTitles":["Schema-qualified enum parsing"],"fullName":"Schema-qualified enum parsing should parse enums with schema prefix","status":"passed","title":"should parse enums with schema prefix","duration":134.38083400000005,"failureMessages":[],"meta":{}},{"ancestorTitles":["Schema-qualified enum parsing"],"fullName":"Schema-qualified enum parsing should handle missing spaces between column name and type","status":"passed","title":"should handle missing spaces between column name and type","duration":3.9363329999999905,"failureMessages":[],"meta":{}}],"startTime":1782162501456,"endTime":1782162501594.9363,"status":"passed","message":"","name":"/Users/alexisrenart/Documents/Git/FoxalDB/frontend/src/lib/data/sql-import/dialect-importers/postgresql/__tests__/test-schema-qualified-enums.test.ts"},{"assertionResults":[{"ancestorTitles":["Simple Enum Test"],"fullName":"Simple Enum Test should parse 5 simple enum types","status":"passed","title":"should parse 5 simple enum types","duration":78.04408300000006,"failureMessages":[],"meta":{}},{"ancestorTitles":["Simple Enum Test"],"fullName":"Simple Enum Test should parse enums one by one","status":"passed","title":"should parse enums one by one","duration":0.7326669999999922,"failureMessages":[],"meta":{}}],"startTime":1782162501778,"endTime":1782162501856.7327,"status":"passed","message":"","name":"/Users/alexisrenart/Documents/Git/FoxalDB/frontend/src/lib/data/sql-import/dialect-importers/postgresql/__tests__/test-simple-enums.test.ts"},{"assertionResults":[{"ancestorTitles":["Junction Table Parsing"],"fullName":"Junction Table Parsing should parse junction table with composite primary key","status":"passed","title":"should parse junction table with composite primary key","duration":92.039083,"failureMessages":[],"meta":{}},{"ancestorTitles":["Junction Table Parsing"],"fullName":"Junction Table Parsing should handle various junction table formats","status":"passed","title":"should handle various junction table formats","duration":3.0498329999999214,"failureMessages":[],"meta":{}}],"startTime":1782162500987,"endTime":1782162501082.0498,"status":"passed","message":"","name":"/Users/alexisrenart/Documents/Git/FoxalDB/frontend/src/lib/data/sql-import/dialect-importers/postgresql/__tests__/test-spell-books-junction-table.test.ts"},{"assertionResults":[{"ancestorTitles":["Exact forth example reproduction - Spell Plans Database"],"fullName":"Exact forth example reproduction - Spell Plans Database should parse the exact SQL from forth example with spell plans and magical components","status":"passed","title":"should parse the exact SQL from forth example with spell plans and magical components","duration":87.65320900000006,"failureMessages":[],"meta":{}}],"startTime":1782162500549,"endTime":1782162500636.6533,"status":"passed","message":"","name":"/Users/alexisrenart/Documents/Git/FoxalDB/frontend/src/lib/data/sql-import/dialect-importers/postgresql/__tests__/test-spell-plans-with-enums.test.ts"},{"assertionResults":[{"ancestorTitles":["PostgreSQL Import - Split DECIMAL Handling"],"fullName":"PostgreSQL Import - Split DECIMAL Handling should successfully import tables with split DECIMAL declarations using auto-fix","status":"passed","title":"should successfully import tables with split DECIMAL declarations using auto-fix","duration":97.7225830000001,"failureMessages":[],"meta":{}},{"ancestorTitles":["PostgreSQL Import - Split DECIMAL Handling"],"fullName":"PostgreSQL Import - Split DECIMAL Handling should handle complex SQL with multiple issues including split DECIMAL","status":"passed","title":"should handle complex SQL with multiple issues including split DECIMAL","duration":2.986541999999986,"failureMessages":[],"meta":{}},{"ancestorTitles":["PostgreSQL Import - Split DECIMAL Handling"],"fullName":"PostgreSQL Import - Split DECIMAL Handling should fallback to regex extraction for tables with split DECIMAL that cause parser errors","status":"passed","title":"should fallback to regex extraction for tables with split DECIMAL that cause parser errors","duration":1.1652090000000044,"failureMessages":[],"meta":{}}],"startTime":1782162501524,"endTime":1782162501626.1653,"status":"passed","message":"","name":"/Users/alexisrenart/Documents/Git/FoxalDB/frontend/src/lib/data/sql-import/dialect-importers/postgresql/__tests__/test-split-decimal-import.test.ts"},{"assertionResults":[{"ancestorTitles":["String preservation during comment removal"],"fullName":"String preservation during comment removal should preserve strings containing -- pattern","status":"passed","title":"should preserve strings containing -- pattern","duration":85.48350000000005,"failureMessages":[],"meta":{}},{"ancestorTitles":["String preservation during comment removal"],"fullName":"String preservation during comment removal should preserve URL strings with double slashes","status":"passed","title":"should preserve URL strings with double slashes","duration":10.264542000000006,"failureMessages":[],"meta":{}}],"startTime":1782162501906,"endTime":1782162502001.2646,"status":"passed","message":"","name":"/Users/alexisrenart/Documents/Git/FoxalDB/frontend/src/lib/data/sql-import/dialect-importers/postgresql/__tests__/test-string-preservation.test.ts"},{"assertionResults":[{"ancestorTitles":["Tables with undefined magical references"],"fullName":"Tables with undefined magical references should parse tables even with references to non-existent magical entities","status":"passed","title":"should parse tables even with references to non-existent magical entities","duration":89.84941700000002,"failureMessages":[],"meta":{}},{"ancestorTitles":["Tables with undefined magical references"],"fullName":"Tables with undefined magical references should handle the wizard tower spells and spell plans scenario","status":"passed","title":"should handle the wizard tower spells and spell plans scenario","duration":2.194250000000011,"failureMessages":[],"meta":{}}],"startTime":1782162500467,"endTime":1782162500559.1943,"status":"passed","message":"","name":"/Users/alexisrenart/Documents/Git/FoxalDB/frontend/src/lib/data/sql-import/dialect-importers/postgresql/__tests__/test-tables-with-missing-references.test.ts"},{"assertionResults":[{"ancestorTitles":["Enum Parsing Test - Quest Management System"],"fullName":"Enum Parsing Test - Quest Management System should parse all 5 enums from the quest management database","status":"failed","title":"should parse all 5 enums from the quest management database","duration":122.034625,"failureMessages":["TypeError: localStorage.getItem is not a function\n    at getWorkspaceId (/Users/alexisrenart/Documents/Git/FoxalDB/frontend/src/lib/utils/utils.ts:18:36)\n    at generateDiagramId (/Users/alexisrenart/Documents/Git/FoxalDB/frontend/src/lib/utils/utils.ts:29:20)\n    at convertToChartDBDiagram (/Users/alexisrenart/Documents/Git/FoxalDB/frontend/src/lib/data/sql-import/common.ts:1093:13)\n    at /Users/alexisrenart/Documents/Git/FoxalDB/frontend/src/lib/data/sql-import/dialect-importers/postgresql/__tests__/test-third-example-external-file.test.ts:66:25\n    at processTicksAndRejections (node:internal/process/task_queues:104:5)\n    at file:///Users/alexisrenart/Documents/Git/FoxalDB/frontend/node_modules/@vitest/runner/dist/chunk-hooks.js:752:20"],"meta":{}}],"startTime":1782162495126,"endTime":1782162495248.0347,"status":"failed","message":"","name":"/Users/alexisrenart/Documents/Git/FoxalDB/frontend/src/lib/data/sql-import/dialect-importers/postgresql/__tests__/test-third-example-external-file.test.ts"},{"assertionResults":[{"ancestorTitles":["Full database import - 20 tables verification"],"fullName":"Full database import - 20 tables verification should parse all 20 tables from quest management system","status":"passed","title":"should parse all 20 tables from quest management system","duration":129.216458,"failureMessages":[],"meta":{}}],"startTime":1782162499376,"endTime":1782162499505.2166,"status":"passed","message":"","name":"/Users/alexisrenart/Documents/Git/FoxalDB/frontend/src/lib/data/sql-import/dialect-importers/postgresql/__tests__/test-twenty-table-parsing.test.ts"},{"assertionResults":[{"ancestorTitles":["PostgreSQL Enum Type Conversion to Diagram"],"fullName":"PostgreSQL Enum Type Conversion to Diagram should convert enum types to custom types in diagram","status":"failed","title":"should convert enum types to custom types in diagram","duration":118.93033300000002,"failureMessages":["TypeError: localStorage.getItem is not a function\n    at getWorkspaceId (/Users/alexisrenart/Documents/Git/FoxalDB/frontend/src/lib/utils/utils.ts:18:36)\n    at generateDiagramId (/Users/alexisrenart/Documents/Git/FoxalDB/frontend/src/lib/utils/utils.ts:29:20)\n    at convertToChartDBDiagram (/Users/alexisrenart/Documents/Git/FoxalDB/frontend/src/lib/data/sql-import/common.ts:1093:13)\n    at /Users/alexisrenart/Documents/Git/FoxalDB/frontend/src/lib/data/sql-import/dialect-importers/postgresql/__tests__/verify-enum-conversion.test.ts:29:25\n    at processTicksAndRejections (node:internal/process/task_queues:104:5)\n    at file:///Users/alexisrenart/Documents/Git/FoxalDB/frontend/node_modules/@vitest/runner/dist/chunk-hooks.js:752:20"],"meta":{}},{"ancestorTitles":["PostgreSQL Enum Type Conversion to Diagram"],"fullName":"PostgreSQL Enum Type Conversion to Diagram should handle fantasy realm SQL with all enum types","status":"failed","title":"should handle fantasy realm SQL with all enum types","duration":4.482499999999959,"failureMessages":["TypeError: localStorage.getItem is not a function\n    at getWorkspaceId (/Users/alexisrenart/Documents/Git/FoxalDB/frontend/src/lib/utils/utils.ts:18:36)\n    at generateDiagramId (/Users/alexisrenart/Documents/Git/FoxalDB/frontend/src/lib/utils/utils.ts:29:20)\n    at convertToChartDBDiagram (/Users/alexisrenart/Documents/Git/FoxalDB/frontend/src/lib/data/sql-import/common.ts:1093:13)\n    at /Users/alexisrenart/Documents/Git/FoxalDB/frontend/src/lib/data/sql-import/dialect-importers/postgresql/__tests__/verify-enum-conversion.test.ts:118:25\n    at processTicksAndRejections (node:internal/process/task_queues:104:5)\n    at file:///Users/alexisrenart/Documents/Git/FoxalDB/frontend/node_modules/@vitest/runner/dist/chunk-hooks.js:752:20"],"meta":{}}],"startTime":1782162495126,"endTime":1782162495249.4824,"status":"failed","message":"","name":"/Users/alexisrenart/Documents/Git/FoxalDB/frontend/src/lib/data/sql-import/dialect-importers/postgresql/__tests__/verify-enum-conversion.test.ts"}]}